=====20220423-ok=====
0/75
1/75
2/75
3/75
4/75
5/75
6/75
7/75
8/75
9/75
10/75
11/75
12/75
13/75
14/75
15/75
16/75
17/75
18/75
19/75
20/75
21/75
22/75
23/75
24/75
25/75
26/75
27/75
28/75
29/75
30/75
31/75
32/75
33/75
34/75
35/75
36/75
37/75
38/75
39/75
40/75
41/75
42/75
43/75
44/75
45/75
46/75
47/75
48/75
49/75
50/75
51/75
52/75
53/75
54/75
55/75
56/75
57/75
58/75
59/75
60/75
61/75
62/75
63/75
64/75
65/75
66/75
67/75
68/75
69/75
70/75
71/75
72/75
73/75
74/75
75/75
=====20220504-tx=====
0/1087
1/1087
2/1087
3/1087
4/1087
5/1087
6/1087
7/1087
8/1087
9/1087
10/1087
11/1087
12/1087
13/1087
14/1087
15/1087
16/1087
17/1087
18/1087
19/1087
20/1087
21/1087
22/1087
23/1087
24/1087
25/1087
26/1087
27/1087
28/1087
29/1087
30/1087
31/1087
32/1087
33/1087
34/1087
35/1087
36/1087
37/1087
38/1087
39/1087
40/1087
41/1087
42/1087
43/1087
44/1087
45/1087
46/1087
47/1087
48/1087
49/1087
50/1087
51/1087
52/1087
53/1087
54/1087
55/1087
56/1087
57/1087
58/1087
59/1087
60/1087
61/1087
62/1087
63/1087
64/1087
65/1087
66/1087
67/1087
68/1087
69/1087
70/1087
71/1087
72/1087
73/1087
74/1087
75/1087
76/1087
77/1087
78/1087
79/1087
80/1087
81/1087
82/1087
83/1087
84/1087
85/1087
86/1087
87/1087
88/1087
89/1087
90/1087
91/1087
92/1087
93/1087
94/1087
95/1087
96/1087
97/1087
98/1087
99/1087
100/1087
101/1087
102/1087
103/1087
104/1087
105/1087
106/1087
107/1087
108/1087
109/1087
110/1087
111/1087
112/1087
113/1087
114/1087
115/1087
116/1087
117/1087
118/1087
119/1087
120/1087
121/1087
122/1087
123/1087
124/1087
125/1087
126/1087
127/1087
128/1087
129/1087
130/1087
131/1087
132/1087
133/1087
134/1087
135/1087
136/1087
137/1087
138/1087
139/1087
140/1087
141/1087
142/1087
143/1087
144/1087
145/1087
146/1087
147/1087
148/1087
149/1087
150/1087
151/1087
152/1087
153/1087
154/1087
155/1087
156/1087
157/1087
158/1087
159/1087
160/1087
161/1087
162/1087
163/1087
164/1087
165/1087
166/1087
167/1087
168/1087
169/1087
170/1087
171/1087
172/1087
173/1087
174/1087
175/1087
176/1087
177/1087
178/1087
179/1087
180/1087
181/1087
182/1087
183/1087
184/1087
185/1087
186/1087
187/1087
188/1087
189/1087
190/1087
191/1087
192/1087
193/1087
194/1087
195/1087
196/1087
197/1087
198/1087
199/1087
200/1087
201/1087
202/1087
203/1087
204/1087
205/1087
206/1087
207/1087
208/1087
209/1087
210/1087
211/1087
212/1087
213/1087
214/1087
215/1087
216/1087
217/1087
218/1087
219/1087
220/1087
221/1087
222/1087
223/1087
224/1087
225/1087
226/1087
227/1087
228/1087
229/1087
230/1087
231/1087
232/1087
233/1087
234/1087
235/1087
236/1087
237/1087
238/1087
239/1087
240/1087
241/1087
242/1087
243/1087
244/1087
245/1087
246/1087
247/1087
248/1087
249/1087
250/1087
251/1087
252/1087
253/1087
254/1087
255/1087
256/1087
257/1087
258/1087
259/1087
260/1087
261/1087
262/1087
263/1087
264/1087
265/1087
266/1087
267/1087
268/1087
269/1087
270/1087
271/1087
272/1087
273/1087
274/1087
275/1087
276/1087
277/1087
278/1087
279/1087
280/1087
281/1087
282/1087
283/1087
284/1087
285/1087
286/1087
287/1087
288/1087
289/1087
290/1087
291/1087
292/1087
293/1087
294/1087
295/1087
296/1087
297/1087
298/1087
299/1087
300/1087
301/1087
302/1087
303/1087
304/1087
305/1087
306/1087
307/1087
308/1087
309/1087
310/1087
311/1087
312/1087
313/1087
314/1087
315/1087
316/1087
317/1087
318/1087
319/1087
320/1087
321/1087
322/1087
323/1087
324/1087
325/1087
326/1087
327/1087
328/1087
329/1087
330/1087
331/1087
332/1087
333/1087
334/1087
335/1087
336/1087
337/1087
338/1087
339/1087
340/1087
341/1087
342/1087
343/1087
344/1087
345/1087
346/1087
347/1087
348/1087
349/1087
350/1087
351/1087
352/1087
353/1087
354/1087
355/1087
356/1087
357/1087
358/1087
359/1087
360/1087
361/1087
362/1087
363/1087
364/1087
365/1087
366/1087
367/1087
368/1087
369/1087
370/1087
371/1087
372/1087
373/1087
374/1087
375/1087
376/1087
377/1087
378/1087
379/1087
380/1087
381/1087
382/1087
383/1087
384/1087
385/1087
386/1087
387/1087
388/1087
389/1087
390/1087
391/1087
392/1087
393/1087
394/1087
395/1087
396/1087
397/1087
398/1087
399/1087
400/1087
401/1087
402/1087
403/1087
404/1087
405/1087
406/1087
407/1087
408/1087
409/1087
410/1087
411/1087
412/1087
413/1087
414/1087
415/1087
416/1087
417/1087
418/1087
419/1087
420/1087
421/1087
422/1087
423/1087
424/1087
425/1087
426/1087
427/1087
428/1087
429/1087
430/1087
431/1087
432/1087
433/1087
434/1087
435/1087
436/1087
437/1087
438/1087
439/1087
440/1087
441/1087
442/1087
443/1087
444/1087
445/1087
446/1087
447/1087
448/1087
449/1087
450/1087
451/1087
452/1087
453/1087
454/1087
455/1087
456/1087
457/1087
458/1087
459/1087
460/1087
461/1087
462/1087
463/1087
464/1087
465/1087
466/1087
467/1087
468/1087
469/1087
470/1087
471/1087
472/1087
473/1087
474/1087
475/1087
476/1087
477/1087
478/1087
479/1087
480/1087
481/1087
482/1087
483/1087
484/1087
485/1087
486/1087
487/1087
488/1087
489/1087
490/1087
491/1087
492/1087
493/1087
494/1087
495/1087
496/1087
497/1087
498/1087
499/1087
500/1087
501/1087
502/1087
503/1087
504/1087
505/1087
506/1087
507/1087
508/1087
509/1087
510/1087
511/1087
512/1087
513/1087
514/1087
515/1087
516/1087
517/1087
518/1087
519/1087
520/1087
521/1087
522/1087
523/1087
524/1087
525/1087
526/1087
527/1087
528/1087
529/1087
530/1087
531/1087
532/1087
533/1087
534/1087
535/1087
536/1087
537/1087
538/1087
539/1087
540/1087
541/1087
542/1087
543/1087
544/1087
545/1087
546/1087
547/1087
548/1087
549/1087
550/1087
551/1087
552/1087
553/1087
554/1087
555/1087
556/1087
557/1087
558/1087
559/1087
560/1087
561/1087
562/1087
563/1087
564/1087
565/1087
566/1087
567/1087
568/1087
569/1087
570/1087
571/1087
572/1087
573/1087
574/1087
575/1087
576/1087
577/1087
578/1087
579/1087
580/1087
581/1087
582/1087
583/1087
584/1087
585/1087
586/1087
587/1087
588/1087
589/1087
590/1087
591/1087
592/1087
593/1087
594/1087
595/1087
596/1087
597/1087
598/1087
599/1087
600/1087
601/1087
602/1087
603/1087
604/1087
605/1087
606/1087
607/1087
608/1087
609/1087
610/1087
611/1087
612/1087
613/1087
614/1087
615/1087
616/1087
617/1087
618/1087
619/1087
620/1087
621/1087
622/1087
623/1087
624/1087
625/1087
626/1087
627/1087
628/1087
629/1087
630/1087
631/1087
632/1087
633/1087
634/1087
635/1087
636/1087
637/1087
638/1087
639/1087
640/1087
641/1087
642/1087
643/1087
644/1087
645/1087
646/1087
647/1087
648/1087
649/1087
650/1087
651/1087
652/1087
653/1087
654/1087
655/1087
656/1087
657/1087
658/1087
659/1087
660/1087
661/1087
662/1087
663/1087
664/1087
665/1087
666/1087
667/1087
668/1087
669/1087
670/1087
671/1087
672/1087
673/1087
674/1087
675/1087
676/1087
677/1087
678/1087
679/1087
680/1087
681/1087
682/1087
683/1087
684/1087
685/1087
686/1087
687/1087
688/1087
689/1087
690/1087
691/1087
692/1087
693/1087
694/1087
695/1087
696/1087
697/1087
698/1087
699/1087
700/1087
701/1087
702/1087
703/1087
704/1087
705/1087
706/1087
707/1087
708/1087
709/1087
710/1087
711/1087
712/1087
713/1087
714/1087
715/1087
716/1087
717/1087
718/1087
719/1087
720/1087
721/1087
722/1087
723/1087
724/1087
725/1087
726/1087
727/1087
728/1087
729/1087
730/1087
731/1087
732/1087
733/1087
734/1087
735/1087
736/1087
737/1087
738/1087
739/1087
740/1087
741/1087
742/1087
743/1087
744/1087
745/1087
746/1087
747/1087
748/1087
749/1087
750/1087
751/1087
752/1087
753/1087
754/1087
755/1087
756/1087
757/1087
758/1087
759/1087
760/1087
761/1087
762/1087
763/1087
764/1087
765/1087
766/1087
767/1087
768/1087
769/1087
770/1087
771/1087
772/1087
773/1087
774/1087
775/1087
776/1087
777/1087
778/1087
779/1087
780/1087
781/1087
782/1087
783/1087
784/1087
785/1087
786/1087
787/1087
788/1087
789/1087
790/1087
791/1087
792/1087
793/1087
794/1087
795/1087
796/1087
797/1087
798/1087
799/1087
800/1087
801/1087
802/1087
803/1087
804/1087
805/1087
806/1087
807/1087
808/1087
809/1087
810/1087
811/1087
812/1087
813/1087
814/1087
815/1087
816/1087
817/1087
818/1087
819/1087
820/1087
821/1087
822/1087
823/1087
824/1087
825/1087
826/1087
827/1087
828/1087
829/1087
830/1087
831/1087
832/1087
833/1087
834/1087
835/1087
836/1087
837/1087
838/1087
839/1087
840/1087
841/1087
842/1087
843/1087
844/1087
845/1087
846/1087
847/1087
848/1087
849/1087
850/1087
851/1087
852/1087
853/1087
854/1087
855/1087
856/1087
857/1087
858/1087
859/1087
860/1087
861/1087
862/1087
863/1087
864/1087
865/1087
866/1087
867/1087
868/1087
869/1087
870/1087
871/1087
872/1087
873/1087
874/1087
875/1087
876/1087
877/1087
878/1087
879/1087
880/1087
881/1087
882/1087
883/1087
884/1087
885/1087
886/1087
887/1087
888/1087
889/1087
890/1087
891/1087
892/1087
893/1087
894/1087
895/1087
896/1087
897/1087
898/1087
899/1087
900/1087
901/1087
902/1087
903/1087
904/1087
905/1087
906/1087
907/1087
908/1087
909/1087
910/1087
911/1087
912/1087
913/1087
914/1087
915/1087
916/1087
917/1087
918/1087
919/1087
920/1087
921/1087
922/1087
923/1087
924/1087
925/1087
926/1087
927/1087
928/1087
929/1087
930/1087
931/1087
932/1087
933/1087
934/1087
935/1087
936/1087
937/1087
938/1087
939/1087
940/1087
941/1087
942/1087
943/1087
944/1087
945/1087
946/1087
947/1087
948/1087
949/1087
950/1087
951/1087
952/1087
953/1087
954/1087
955/1087
956/1087
957/1087
958/1087
959/1087
960/1087
961/1087
962/1087
963/1087
964/1087
965/1087
966/1087
967/1087
968/1087
969/1087
970/1087
971/1087
972/1087
973/1087
974/1087
975/1087
976/1087
977/1087
978/1087
979/1087
980/1087
981/1087
982/1087
983/1087
984/1087
985/1087
986/1087
987/1087
988/1087
989/1087
990/1087
991/1087
992/1087
993/1087
994/1087
995/1087
996/1087
997/1087
998/1087
999/1087
1000/1087
1001/1087
1002/1087
1003/1087
1004/1087
1005/1087
1006/1087
1007/1087
1008/1087
1009/1087
1010/1087
1011/1087
1012/1087
1013/1087
1014/1087
1015/1087
1016/1087
1017/1087
1018/1087
1019/1087
1020/1087
1021/1087
1022/1087
1023/1087
1024/1087
1025/1087
1026/1087
1027/1087
1028/1087
1029/1087
1030/1087
1031/1087
1032/1087
1033/1087
1034/1087
1035/1087
1036/1087
1037/1087
1038/1087
1039/1087
1040/1087
1041/1087
1042/1087
1043/1087
1044/1087
1045/1087
1046/1087
1047/1087
1048/1087
1049/1087
1050/1087
1051/1087
1052/1087
1053/1087
1054/1087
1055/1087
1056/1087
1057/1087
1058/1087
1059/1087
1060/1087
1061/1087
1062/1087
1063/1087
1064/1087
1065/1087
1066/1087
1067/1087
1068/1087
1069/1087
1070/1087
1071/1087
1072/1087
1073/1087
1074/1087
1075/1087
1076/1087
1077/1087
1078/1087
1079/1087
1080/1087
1081/1087
1082/1087
1083/1087
1084/1087
1085/1087
1086/1087
1087/1087
=====20220612-co=====
0/709
ERROR: ABI DATA MISSING
ERROR: ABI DATA MISSING
ERROR: ABI DATA MISSING
ERROR: ABI DATA MISSING
ERROR: ABI DATA MISSING
ERROR: ABI DATA MISSING
ERROR: ABI DATA MISSING
1/709
ERROR: ABI DATA MISSING
ERROR: ABI DATA MISSING
ERROR: ABI DATA MISSING
ERROR: ABI DATA MISSING
ERROR: ABI DATA MISSING
ERROR: ABI DATA MISSING
2/709
ERROR: ABI DATA MISSING
ERROR: ABI DATA MISSING
ERROR: ABI DATA MISSING
3/709
ERROR: ABI DATA MISSING
ERROR: ABI DATA MISSING
ERROR: ABI DATA MISSING
4/709
5/709
6/709
7/709
8/709
9/709
10/709
11/709
12/709
13/709
14/709
15/709
16/709
17/709
18/709
19/709
20/709
21/709
22/709
23/709
24/709
25/709
26/709
27/709
28/709
29/709
30/709
31/709
32/709
33/709
34/709
35/709
36/709
37/709
38/709
39/709
40/709
41/709
42/709
43/709
44/709
45/709
46/709
47/709
48/709
49/709
50/709
51/709
52/709
53/709
54/709
55/709
56/709
57/709
58/709
59/709
60/709
61/709
62/709
63/709
64/709
65/709
66/709
67/709
68/709
69/709
70/709
71/709
72/709
73/709
74/709
75/709
76/709
77/709
78/709
79/709
80/709
81/709
82/709
83/709
84/709
85/709
86/709
87/709
88/709
89/709
90/709
91/709
92/709
93/709
94/709
95/709
96/709
97/709
98/709
99/709
100/709
101/709
102/709
103/709
104/709
105/709
106/709
107/709
108/709
109/709
110/709
111/709
112/709
113/709
114/709
115/709
116/709
117/709
118/709
119/709
120/709
121/709
122/709
123/709
124/709
125/709
126/709
127/709
128/709
129/709
130/709
131/709
132/709
133/709
134/709
135/709
136/709
137/709
138/709
139/709
140/709
141/709
142/709
143/709
144/709
145/709
146/709
147/709
148/709
149/709
150/709
151/709
152/709
153/709
154/709
155/709
156/709
157/709
158/709
159/709
160/709
161/709
162/709
163/709
164/709
165/709
166/709
167/709
168/709
169/709
170/709
171/709
172/709
173/709
174/709
175/709
176/709
177/709
178/709
179/709
180/709
181/709
182/709
183/709
184/709
185/709
186/709
187/709
188/709
189/709
190/709
191/709
192/709
193/709
194/709
195/709
196/709
197/709
198/709
199/709
200/709
201/709
202/709
203/709
204/709
205/709
206/709
207/709
208/709
209/709
210/709
211/709
212/709
213/709
214/709
215/709
216/709
217/709
218/709
219/709
220/709
221/709
222/709
223/709
224/709
225/709
226/709
227/709
228/709
229/709
230/709
231/709
232/709
233/709
234/709
235/709
236/709
237/709
238/709
239/709
240/709
241/709
242/709
243/709
244/709
245/709
246/709
247/709
248/709
249/709
250/709
251/709
252/709
253/709
254/709
255/709
256/709
257/709
258/709
259/709
260/709
261/709
262/709
263/709
264/709
265/709
266/709
267/709
268/709
269/709
270/709
271/709
272/709
273/709
274/709
275/709
276/709
277/709
278/709
279/709
280/709
281/709
282/709
283/709
284/709
285/709
286/709
287/709
288/709
289/709
290/709
291/709
292/709
293/709
294/709
295/709
296/709
297/709
298/709
299/709
300/709
301/709
302/709
303/709
304/709
305/709
306/709
307/709
308/709
309/709
310/709
311/709
312/709
313/709
314/709
315/709
316/709
317/709
318/709
319/709
320/709
321/709
322/709
323/709
324/709
325/709
326/709
327/709
328/709
329/709
330/709
331/709
332/709
333/709
334/709
335/709
336/709
337/709
338/709
339/709
340/709
341/709
342/709
343/709
344/709
345/709
346/709
347/709
348/709
349/709
350/709
351/709
352/709
353/709
354/709
355/709
356/709
357/709
358/709
359/709
360/709
361/709
362/709
363/709
364/709
365/709
366/709
367/709
368/709
369/709
370/709
371/709
372/709
373/709
374/709
375/709
376/709
377/709
378/709
379/709
380/709
381/709
382/709
383/709
384/709
385/709
386/709
387/709
388/709
389/709
390/709
391/709
392/709
393/709
394/709
395/709
396/709
397/709
398/709
399/709
400/709
401/709
402/709
403/709
404/709
405/709
406/709
407/709
408/709
409/709
410/709
411/709
412/709
413/709
414/709
415/709
416/709
417/709
418/709
419/709
420/709
421/709
422/709
423/709
424/709
425/709
426/709
427/709
428/709
429/709
430/709
431/709
432/709
433/709
434/709
435/709
436/709
437/709
438/709
439/709
440/709
441/709
442/709
443/709
444/709
445/709
446/709
447/709
448/709
449/709
450/709
451/709
452/709
453/709
454/709
455/709
456/709
457/709
458/709
459/709
460/709
461/709
462/709
463/709
464/709
465/709
466/709
467/709
468/709
469/709
470/709
471/709
472/709
473/709
474/709
475/709
476/709
477/709
478/709
479/709
480/709
481/709
482/709
483/709
484/709
485/709
486/709
487/709
488/709
489/709
490/709
491/709
492/709
493/709
494/709
495/709
496/709
497/709
498/709
499/709
500/709
501/709
502/709
503/709
504/709
505/709
506/709
507/709
508/709
509/709
510/709
511/709
512/709
513/709
514/709
515/709
516/709
517/709
518/709
519/709
520/709
521/709
522/709
523/709
524/709
525/709
526/709
527/709
528/709
529/709
530/709
531/709
532/709
533/709
534/709
535/709
536/709
537/709
538/709
539/709
540/709
541/709
542/709
543/709
544/709
545/709
546/709
547/709
548/709
549/709
550/709
551/709
552/709
553/709
554/709
555/709
556/709
557/709
558/709
559/709
560/709
561/709
562/709
563/709
564/709
565/709
566/709
567/709
568/709
569/709
570/709
571/709
572/709
573/709
574/709
575/709
576/709
577/709
578/709
579/709
580/709
581/709
582/709
583/709
584/709
585/709
586/709
587/709
588/709
589/709
590/709
591/709
592/709
593/709
594/709
595/709
596/709
597/709
598/709
599/709
600/709
601/709
602/709
603/709
604/709
605/709
606/709
607/709
608/709
609/709
610/709
611/709
612/709
613/709
614/709
615/709
616/709
617/709
618/709
619/709
620/709
621/709
622/709
623/709
624/709
625/709
626/709
627/709
628/709
629/709
630/709
631/709
632/709
633/709
634/709
635/709
636/709
637/709
638/709
639/709
640/709
641/709
642/709
643/709
644/709
645/709
646/709
647/709
648/709
649/709
650/709
651/709
652/709
653/709
654/709
655/709
656/709
657/709
658/709
659/709
660/709
661/709
662/709
663/709
664/709
665/709
666/709
667/709
668/709
669/709
670/709
671/709
672/709
673/709
674/709
675/709
676/709
677/709
678/709
679/709
680/709
681/709
682/709
683/709
684/709
685/709
686/709
687/709
688/709
689/709
690/709
691/709
692/709
693/709
694/709
695/709
696/709
697/709
698/709
699/709
700/709
701/709
702/709
703/709
704/709
705/709
706/709
707/709
708/709
709/709
=====20220614-ne=====
0/649
ERROR: ABI DATA MISSING
ERROR: ABI DATA MISSING
ERROR: ABI DATA MISSING
ERROR: ABI DATA MISSING
ERROR: ABI DATA MISSING
ERROR: ABI DATA MISSING
ERROR: ABI DATA MISSING
ERROR: ABI DATA MISSING
ERROR: ABI DATA MISSING
ERROR: ABI DATA MISSING
ERROR: ABI DATA MISSING
ERROR: ABI DATA MISSING
ERROR: ABI DATA MISSING
ERROR: ABI DATA MISSING
ERROR: ABI DATA MISSING
ERROR: ABI DATA MISSING
ERROR: ABI DATA MISSING
ERROR: ABI DATA MISSING
1/649
ERROR: ABI DATA MISSING
ERROR: ABI DATA MISSING
ERROR: ABI DATA MISSING
ERROR: ABI DATA MISSING
ERROR: ABI DATA MISSING
ERROR: ABI DATA MISSING
ERROR: ABI DATA MISSING
ERROR: ABI DATA MISSING
ERROR: ABI DATA MISSING
2/649
ERROR: ABI DATA MISSING
ERROR: ABI DATA MISSING
ERROR: ABI DATA MISSING
ERROR: ABI DATA MISSING
ERROR: ABI DATA MISSING
ERROR: ABI DATA MISSING
ERROR: ABI DATA MISSING
ERROR: ABI DATA MISSING
ERROR: ABI DATA MISSING
3/649
ERROR: ABI DATA MISSING
ERROR: ABI DATA MISSING
ERROR: ABI DATA MISSING
ERROR: ABI DATA MISSING
ERROR: ABI DATA MISSING
ERROR: ABI DATA MISSING
ERROR: ABI DATA MISSING
ERROR: ABI DATA MISSING
4/649
5/649
6/649
7/649
8/649
9/649
10/649
11/649
12/649
13/649
14/649
15/649
16/649
17/649
18/649
19/649
20/649
21/649
22/649
23/649
24/649
25/649
26/649
27/649
28/649
29/649
30/649
31/649
32/649
33/649
34/649
35/649
36/649
37/649
38/649
39/649
40/649
41/649
42/649
43/649
44/649
45/649
46/649
47/649
48/649
49/649
50/649
51/649
52/649
53/649
54/649
55/649
56/649
57/649
58/649
59/649
60/649
61/649
62/649
63/649
64/649
65/649
66/649
67/649
68/649
69/649
70/649
71/649
72/649
73/649
74/649
75/649
76/649
77/649
78/649
79/649
80/649
81/649
82/649
83/649
84/649
85/649
86/649
87/649
88/649
89/649
90/649
91/649
92/649
93/649
94/649
95/649
96/649
97/649
98/649
99/649
100/649
101/649
102/649
103/649
104/649
105/649
106/649
107/649
108/649
109/649
110/649
111/649
112/649
113/649
114/649
115/649
116/649
117/649
118/649
119/649
120/649
121/649
122/649
123/649
124/649
125/649
126/649
127/649
128/649
129/649
130/649
131/649
132/649
133/649
134/649
135/649
136/649
137/649
138/649
139/649
140/649
141/649
142/649
143/649
144/649
145/649
146/649
147/649
148/649
149/649
150/649
151/649
152/649
153/649
154/649
155/649
156/649
157/649
158/649
159/649
160/649
161/649
162/649
163/649
164/649
165/649
166/649
167/649
168/649
169/649
170/649
171/649
172/649
173/649
174/649
175/649
176/649
177/649
178/649
179/649
180/649
181/649
182/649
183/649
184/649
185/649
186/649
187/649
188/649
189/649
190/649
191/649
192/649
193/649
194/649
195/649
196/649
197/649
198/649
199/649
200/649
201/649
202/649
203/649
204/649
205/649
206/649
207/649
208/649
209/649
210/649
211/649
212/649
213/649
214/649
215/649
216/649
217/649
218/649
219/649
220/649
221/649
222/649
223/649
224/649
225/649
226/649
227/649
228/649
229/649
230/649
231/649
232/649
233/649
234/649
235/649
236/649
237/649
238/649
239/649
240/649
241/649
242/649
243/649
244/649
245/649
246/649
247/649
248/649
249/649
250/649
251/649
252/649
253/649
254/649
255/649
256/649
257/649
258/649
259/649
260/649
261/649
262/649
263/649
264/649
265/649
266/649
267/649
268/649
269/649
270/649
271/649
272/649
273/649
274/649
275/649
276/649
277/649
278/649
279/649
280/649
281/649
282/649
283/649
284/649
285/649
286/649
287/649
288/649
289/649
290/649
291/649
292/649
293/649
294/649
295/649
296/649
297/649
298/649
299/649
300/649
301/649
302/649
303/649
304/649
305/649
306/649
307/649
308/649
309/649
310/649
311/649
312/649
313/649
314/649
315/649
316/649
317/649
318/649
319/649
320/649
321/649
322/649
323/649
324/649
325/649
326/649
327/649
328/649
329/649
330/649
331/649
332/649
333/649
334/649
335/649
336/649
337/649
338/649
339/649
340/649
341/649
342/649
343/649
344/649
345/649
346/649
347/649
348/649
349/649
350/649
351/649
352/649
353/649
354/649
355/649
356/649
357/649
358/649
359/649
360/649
361/649
362/649
363/649
364/649
365/649
366/649
367/649
368/649
369/649
370/649
371/649
372/649
373/649
374/649
375/649
376/649
377/649
378/649
379/649
380/649
381/649
382/649
383/649
384/649
385/649
386/649
387/649
388/649
389/649
390/649
391/649
392/649
393/649
394/649
395/649
396/649
397/649
398/649
399/649
400/649
401/649
402/649
403/649
404/649
405/649
406/649
407/649
408/649
409/649
410/649
411/649
412/649
413/649
414/649
415/649
416/649
417/649
418/649
419/649
420/649
421/649
422/649
423/649
424/649
425/649
426/649
427/649
428/649
429/649
430/649
431/649
432/649
433/649
434/649
435/649
436/649
437/649
438/649
439/649
440/649
441/649
442/649
443/649
444/649
445/649
446/649
447/649
448/649
449/649
450/649
451/649
452/649
453/649
454/649
455/649
456/649
457/649
458/649
459/649
460/649
461/649
462/649
463/649
464/649
465/649
466/649
467/649
468/649
469/649
470/649
471/649
472/649
473/649
474/649
475/649
476/649
477/649
478/649
479/649
480/649
481/649
482/649
483/649
484/649
485/649
486/649
487/649
488/649
489/649
490/649
491/649
492/649
493/649
494/649
495/649
496/649
497/649
498/649
499/649
500/649
501/649
502/649
503/649
504/649
505/649
506/649
507/649
508/649
509/649
510/649
511/649
512/649
513/649
514/649
515/649
516/649
517/649
518/649
519/649
520/649
521/649
522/649
523/649
524/649
525/649
526/649
527/649
528/649
529/649
530/649
531/649
532/649
533/649
534/649
535/649
536/649
537/649
538/649
539/649
540/649
541/649
542/649
543/649
544/649
545/649
546/649
547/649
548/649
549/649
550/649
551/649
552/649
553/649
554/649
555/649
556/649
557/649
558/649
559/649
560/649
561/649
562/649
563/649
564/649
565/649
566/649
567/649
568/649
569/649
570/649
571/649
572/649
573/649
574/649
575/649
576/649
577/649
578/649
579/649
580/649
581/649
582/649
583/649
584/649
585/649
586/649
587/649
588/649
589/649
590/649
591/649
592/649
593/649
594/649
595/649
596/649
597/649
598/649
599/649
600/649
601/649
602/649
603/649
604/649
605/649
606/649
607/649
608/649
609/649
610/649
611/649
612/649
613/649
614/649
615/649
616/649
617/649
618/649
619/649
620/649
621/649
622/649
623/649
624/649
625/649
626/649
627/649
628/649
629/649
630/649
631/649
632/649
633/649
634/649
635/649
636/649
637/649
638/649
639/649
640/649
641/649
642/649
643/649
644/649
645/649
646/649
647/649
648/649
649/649
=====20220921-ut=====
0/846
1/846
2/846
3/846
4/846
5/846
6/846
7/846
8/846
9/846
10/846
11/846
12/846
13/846
14/846
15/846
16/846
17/846
18/846
19/846
20/846
21/846
22/846
23/846
24/846
25/846
26/846
27/846
28/846
29/846
30/846
31/846
32/846
33/846
34/846
35/846
36/846
37/846
38/846
39/846
40/846
41/846
42/846
43/846
44/846
45/846
46/846
47/846
48/846
49/846
50/846
51/846
52/846
53/846
54/846
55/846
56/846
57/846
58/846
59/846
60/846
61/846
62/846
63/846
64/846
65/846
66/846
67/846
68/846
69/846
70/846
71/846
72/846
73/846
74/846
75/846
76/846
77/846
78/846
79/846
80/846
81/846
82/846
83/846
84/846
85/846
86/846
87/846
88/846
89/846
90/846
91/846
92/846
93/846
94/846
95/846
96/846
97/846
98/846
99/846
100/846
101/846
102/846
103/846
104/846
105/846
106/846
107/846
108/846
109/846
110/846
111/846
112/846
113/846
114/846
115/846
116/846
117/846
118/846
119/846
120/846
121/846
122/846
123/846
124/846
125/846
126/846
127/846
128/846
129/846
130/846
131/846
132/846
133/846
134/846
135/846
136/846
137/846
138/846
139/846
140/846
141/846
142/846
143/846
144/846
145/846
146/846
147/846
148/846
149/846
150/846
151/846
152/846
153/846
154/846
155/846
156/846
157/846
158/846
159/846
160/846
161/846
162/846
163/846
164/846
165/846
166/846
167/846
168/846
169/846
170/846
171/846
172/846
173/846
174/846
175/846
176/846
177/846
178/846
179/846
180/846
181/846
182/846
183/846
184/846
185/846
186/846
187/846
188/846
189/846
190/846
191/846
192/846
193/846
194/846
195/846
196/846
197/846
198/846
199/846
200/846
201/846
202/846
203/846
204/846
205/846
206/846
207/846
208/846
209/846
210/846
211/846
212/846
213/846
214/846
215/846
216/846
217/846
218/846
219/846
220/846
221/846
222/846
223/846
224/846
225/846
226/846
227/846
228/846
229/846
230/846
231/846
232/846
233/846
234/846
235/846
236/846
237/846
238/846
239/846
240/846
241/846
242/846
243/846
244/846
245/846
246/846
247/846
248/846
249/846
250/846
251/846
252/846
253/846
254/846
255/846
256/846
257/846
258/846
259/846
260/846
261/846
262/846
263/846
264/846
265/846
266/846
267/846
268/846
269/846
270/846
271/846
272/846
273/846
274/846
275/846
276/846
277/846
278/846
279/846
280/846
281/846
282/846
283/846
284/846
285/846
286/846
287/846
288/846
289/846
290/846
291/846
292/846
293/846
294/846
295/846
296/846
297/846
298/846
299/846
300/846
301/846
302/846
303/846
304/846
305/846
306/846
307/846
308/846
309/846
310/846
311/846
312/846
313/846
314/846
315/846
316/846
317/846
318/846
319/846
320/846
321/846
322/846
323/846
324/846
ERROR: MRMS DATA MISSING
Traceback (most recent call last):
  File "/localdata/PyScripts/first-flash/manual-analysis-v1/manual-analysis-plotter-v2.py", line 342, in <module>
    plotter(cur, dx, i, case, g16, eni)
  File "/localdata/PyScripts/first-flash/manual-analysis-v1/manual-analysis-plotter-v2.py", line 306, in plotter
    if refl_10[0,0]!=-999:
       ~~~~~~~^^^^^
TypeError: list indices must be integers or slices, not tuple
