=========================
START OF CASE: 20220625-tn
=========================
File List Created
DataFrame Created
Total Flashes: 17524
Combination: 0
serach_m: 10.0
search_r: 10.0
search_flash_r: 0.0
/localdata/first-flash/data/manual-analysis-v1/20220625-tn/GLM16_ffRAW_v00/20220625-tn_GLM16_ffRAW_r10_t10_fr0_v00_s202206251500_c202406181433.csv
/localdata/first-flash/data/manual-analysis-v1/20220625-tn/GLM16_ffRAW_v00/20220625-tn_GLM16_ffRAW_r10_t10_fr0_v00_s202206251600_c202406181433.csv
/localdata/first-flash/data/manual-analysis-v1/20220625-tn/GLM16_ffRAW_v00/20220625-tn_GLM16_ffRAW_r10_t10_fr0_v00_s202206251700_c202406181434.csv
/localdata/first-flash/data/manual-analysis-v1/20220625-tn/GLM16_ffRAW_v00/20220625-tn_GLM16_ffRAW_r10_t10_fr0_v00_s202206260000_c202406181434.csv
/localdata/first-flash/data/manual-analysis-v1/20220625-tn/GLM16_ffRAW_v00/20220625-tn_GLM16_ffRAW_r10_t10_fr0_v00_s202206251900_c202406181434.csv
/localdata/first-flash/data/manual-analysis-v1/20220625-tn/GLM16_ffRAW_v00/20220625-tn_GLM16_ffRAW_r10_t10_fr0_v00_s202206252300_c202406181434.csv
/localdata/first-flash/data/manual-analysis-v1/20220625-tn/GLM16_ffRAW_v00/20220625-tn_GLM16_ffRAW_r10_t10_fr0_v00_s202206252000_c202406181434.csv
/localdata/first-flash/data/manual-analysis-v1/20220625-tn/GLM16_ffRAW_v00/20220625-tn_GLM16_ffRAW_r10_t10_fr0_v00_s202206251800_c202406181434.csv
/localdata/first-flash/data/manual-analysis-v1/20220625-tn/GLM16_ffRAW_v00/20220625-tn_GLM16_ffRAW_r10_t10_fr0_v00_s202206252200_c202406181434.csv
/localdata/first-flash/data/manual-analysis-v1/20220625-tn/GLM16_ffRAW_v00/20220625-tn_GLM16_ffRAW_r10_t10_fr0_v00_s202206252100_c202406181434.csv
Combination: 1
serach_m: 10.0
search_r: 20.0
search_flash_r: 0.0
/localdata/first-flash/data/manual-analysis-v1/20220625-tn/GLM16_ffRAW_v01/20220625-tn_GLM16_ffRAW_r20_t10_fr0_v01_s202206251500_c202406181434.csv
/localdata/first-flash/data/manual-analysis-v1/20220625-tn/GLM16_ffRAW_v01/20220625-tn_GLM16_ffRAW_r20_t10_fr0_v01_s202206251600_c202406181434.csv
/localdata/first-flash/data/manual-analysis-v1/20220625-tn/GLM16_ffRAW_v01/20220625-tn_GLM16_ffRAW_r20_t10_fr0_v01_s202206251700_c202406181434.csv
/localdata/first-flash/data/manual-analysis-v1/20220625-tn/GLM16_ffRAW_v01/20220625-tn_GLM16_ffRAW_r20_t10_fr0_v01_s202206260000_c202406181434.csv
/localdata/first-flash/data/manual-analysis-v1/20220625-tn/GLM16_ffRAW_v01/20220625-tn_GLM16_ffRAW_r20_t10_fr0_v01_s202206252000_c202406181434.csv
/localdata/first-flash/data/manual-analysis-v1/20220625-tn/GLM16_ffRAW_v01/20220625-tn_GLM16_ffRAW_r20_t10_fr0_v01_s202206252300_c202406181434.csv
/localdata/first-flash/data/manual-analysis-v1/20220625-tn/GLM16_ffRAW_v01/20220625-tn_GLM16_ffRAW_r20_t10_fr0_v01_s202206251900_c202406181434.csv
/localdata/first-flash/data/manual-analysis-v1/20220625-tn/GLM16_ffRAW_v01/20220625-tn_GLM16_ffRAW_r20_t10_fr0_v01_s202206251800_c202406181434.csv
/localdata/first-flash/data/manual-analysis-v1/20220625-tn/GLM16_ffRAW_v01/20220625-tn_GLM16_ffRAW_r20_t10_fr0_v01_s202206252200_c202406181434.csv
/localdata/first-flash/data/manual-analysis-v1/20220625-tn/GLM16_ffRAW_v01/20220625-tn_GLM16_ffRAW_r20_t10_fr0_v01_s202206252100_c202406181434.csv
Combination: 2
serach_m: 10.0
search_r: 30.0
search_flash_r: 0.0
/localdata/first-flash/data/manual-analysis-v1/20220625-tn/GLM16_ffRAW_v02/20220625-tn_GLM16_ffRAW_r30_t10_fr0_v02_s202206251500_c202406181434.csv
/localdata/first-flash/data/manual-analysis-v1/20220625-tn/GLM16_ffRAW_v02/20220625-tn_GLM16_ffRAW_r30_t10_fr0_v02_s202206251600_c202406181434.csv
/localdata/first-flash/data/manual-analysis-v1/20220625-tn/GLM16_ffRAW_v02/20220625-tn_GLM16_ffRAW_r30_t10_fr0_v02_s202206260000_c202406181434.csv
/localdata/first-flash/data/manual-analysis-v1/20220625-tn/GLM16_ffRAW_v02/20220625-tn_GLM16_ffRAW_r30_t10_fr0_v02_s202206251700_c202406181434.csv
/localdata/first-flash/data/manual-analysis-v1/20220625-tn/GLM16_ffRAW_v02/20220625-tn_GLM16_ffRAW_r30_t10_fr0_v02_s202206252300_c202406181435.csv
/localdata/first-flash/data/manual-analysis-v1/20220625-tn/GLM16_ffRAW_v02/20220625-tn_GLM16_ffRAW_r30_t10_fr0_v02_s202206252000_c202406181435.csv
/localdata/first-flash/data/manual-analysis-v1/20220625-tn/GLM16_ffRAW_v02/20220625-tn_GLM16_ffRAW_r30_t10_fr0_v02_s202206251900_c202406181435.csv
/localdata/first-flash/data/manual-analysis-v1/20220625-tn/GLM16_ffRAW_v02/20220625-tn_GLM16_ffRAW_r30_t10_fr0_v02_s202206251800_c202406181435.csv
/localdata/first-flash/data/manual-analysis-v1/20220625-tn/GLM16_ffRAW_v02/20220625-tn_GLM16_ffRAW_r30_t10_fr0_v02_s202206252200_c202406181435.csv
/localdata/first-flash/data/manual-analysis-v1/20220625-tn/GLM16_ffRAW_v02/20220625-tn_GLM16_ffRAW_r30_t10_fr0_v02_s202206252100_c202406181435.csv
Combination: 3
serach_m: 10.0
search_r: 40.0
search_flash_r: 0.0
/localdata/first-flash/data/manual-analysis-v1/20220625-tn/GLM16_ffRAW_v03/20220625-tn_GLM16_ffRAW_r40_t10_fr0_v03_s202206251500_c202406181435.csv
/localdata/first-flash/data/manual-analysis-v1/20220625-tn/GLM16_ffRAW_v03/20220625-tn_GLM16_ffRAW_r40_t10_fr0_v03_s202206251600_c202406181435.csv
/localdata/first-flash/data/manual-analysis-v1/20220625-tn/GLM16_ffRAW_v03/20220625-tn_GLM16_ffRAW_r40_t10_fr0_v03_s202206260000_c202406181435.csv
/localdata/first-flash/data/manual-analysis-v1/20220625-tn/GLM16_ffRAW_v03/20220625-tn_GLM16_ffRAW_r40_t10_fr0_v03_s202206251700_c202406181435.csv
/localdata/first-flash/data/manual-analysis-v1/20220625-tn/GLM16_ffRAW_v03/20220625-tn_GLM16_ffRAW_r40_t10_fr0_v03_s202206252300_c202406181435.csv
/localdata/first-flash/data/manual-analysis-v1/20220625-tn/GLM16_ffRAW_v03/20220625-tn_GLM16_ffRAW_r40_t10_fr0_v03_s202206251800_c202406181435.csv
/localdata/first-flash/data/manual-analysis-v1/20220625-tn/GLM16_ffRAW_v03/20220625-tn_GLM16_ffRAW_r40_t10_fr0_v03_s202206251900_c202406181435.csv
/localdata/first-flash/data/manual-analysis-v1/20220625-tn/GLM16_ffRAW_v03/20220625-tn_GLM16_ffRAW_r40_t10_fr0_v03_s202206252000_c202406181435.csv
/localdata/first-flash/data/manual-analysis-v1/20220625-tn/GLM16_ffRAW_v03/20220625-tn_GLM16_ffRAW_r40_t10_fr0_v03_s202206252100_c202406181435.csv
/localdata/first-flash/data/manual-analysis-v1/20220625-tn/GLM16_ffRAW_v03/20220625-tn_GLM16_ffRAW_r40_t10_fr0_v03_s202206252200_c202406181435.csv
Combination: 4
serach_m: 10.0
search_r: 50.0
search_flash_r: 0.0
/localdata/first-flash/data/manual-analysis-v1/20220625-tn/GLM16_ffRAW_v04/20220625-tn_GLM16_ffRAW_r50_t10_fr0_v04_s202206251500_c202406181435.csv
/localdata/first-flash/data/manual-analysis-v1/20220625-tn/GLM16_ffRAW_v04/20220625-tn_GLM16_ffRAW_r50_t10_fr0_v04_s202206251600_c202406181435.csv
/localdata/first-flash/data/manual-analysis-v1/20220625-tn/GLM16_ffRAW_v04/20220625-tn_GLM16_ffRAW_r50_t10_fr0_v04_s202206251700_c202406181435.csv
/localdata/first-flash/data/manual-analysis-v1/20220625-tn/GLM16_ffRAW_v04/20220625-tn_GLM16_ffRAW_r50_t10_fr0_v04_s202206260000_c202406181435.csv
/localdata/first-flash/data/manual-analysis-v1/20220625-tn/GLM16_ffRAW_v04/20220625-tn_GLM16_ffRAW_r50_t10_fr0_v04_s202206251900_c202406181435.csv
/localdata/first-flash/data/manual-analysis-v1/20220625-tn/GLM16_ffRAW_v04/20220625-tn_GLM16_ffRAW_r50_t10_fr0_v04_s202206252000_c202406181435.csv
/localdata/first-flash/data/manual-analysis-v1/20220625-tn/GLM16_ffRAW_v04/20220625-tn_GLM16_ffRAW_r50_t10_fr0_v04_s202206252300_c202406181435.csv
/localdata/first-flash/data/manual-analysis-v1/20220625-tn/GLM16_ffRAW_v04/20220625-tn_GLM16_ffRAW_r50_t10_fr0_v04_s202206251800_c202406181435.csv
/localdata/first-flash/data/manual-analysis-v1/20220625-tn/GLM16_ffRAW_v04/20220625-tn_GLM16_ffRAW_r50_t10_fr0_v04_s202206252200_c202406181435.csv
/localdata/first-flash/data/manual-analysis-v1/20220625-tn/GLM16_ffRAW_v04/20220625-tn_GLM16_ffRAW_r50_t10_fr0_v04_s202206252100_c202406181436.csv
Combination: 5
serach_m: 20.0
search_r: 10.0
search_flash_r: 0.0
/localdata/first-flash/data/manual-analysis-v1/20220625-tn/GLM16_ffRAW_v05/20220625-tn_GLM16_ffRAW_r10_t20_fr0_v05_s202206251500_c202406181436.csv
/localdata/first-flash/data/manual-analysis-v1/20220625-tn/GLM16_ffRAW_v05/20220625-tn_GLM16_ffRAW_r10_t20_fr0_v05_s202206251600_c202406181436.csv
/localdata/first-flash/data/manual-analysis-v1/20220625-tn/GLM16_ffRAW_v05/20220625-tn_GLM16_ffRAW_r10_t20_fr0_v05_s202206251700_c202406181436.csv
/localdata/first-flash/data/manual-analysis-v1/20220625-tn/GLM16_ffRAW_v05/20220625-tn_GLM16_ffRAW_r10_t20_fr0_v05_s202206260000_c202406181436.csv
/localdata/first-flash/data/manual-analysis-v1/20220625-tn/GLM16_ffRAW_v05/20220625-tn_GLM16_ffRAW_r10_t20_fr0_v05_s202206252000_c202406181436.csv
/localdata/first-flash/data/manual-analysis-v1/20220625-tn/GLM16_ffRAW_v05/20220625-tn_GLM16_ffRAW_r10_t20_fr0_v05_s202206251900_c202406181436.csv
/localdata/first-flash/data/manual-analysis-v1/20220625-tn/GLM16_ffRAW_v05/20220625-tn_GLM16_ffRAW_r10_t20_fr0_v05_s202206251800_c202406181436.csv
/localdata/first-flash/data/manual-analysis-v1/20220625-tn/GLM16_ffRAW_v05/20220625-tn_GLM16_ffRAW_r10_t20_fr0_v05_s202206252300_c202406181436.csv
/localdata/first-flash/data/manual-analysis-v1/20220625-tn/GLM16_ffRAW_v05/20220625-tn_GLM16_ffRAW_r10_t20_fr0_v05_s202206252100_c202406181436.csv
/localdata/first-flash/data/manual-analysis-v1/20220625-tn/GLM16_ffRAW_v05/20220625-tn_GLM16_ffRAW_r10_t20_fr0_v05_s202206252200_c202406181436.csv
Combination: 6
serach_m: 20.0
search_r: 20.0
search_flash_r: 0.0
/localdata/first-flash/data/manual-analysis-v1/20220625-tn/GLM16_ffRAW_v06/20220625-tn_GLM16_ffRAW_r20_t20_fr0_v06_s202206251500_c202406181436.csv
/localdata/first-flash/data/manual-analysis-v1/20220625-tn/GLM16_ffRAW_v06/20220625-tn_GLM16_ffRAW_r20_t20_fr0_v06_s202206251600_c202406181436.csv
/localdata/first-flash/data/manual-analysis-v1/20220625-tn/GLM16_ffRAW_v06/20220625-tn_GLM16_ffRAW_r20_t20_fr0_v06_s202206251700_c202406181436.csv
/localdata/first-flash/data/manual-analysis-v1/20220625-tn/GLM16_ffRAW_v06/20220625-tn_GLM16_ffRAW_r20_t20_fr0_v06_s202206260000_c202406181436.csv
/localdata/first-flash/data/manual-analysis-v1/20220625-tn/GLM16_ffRAW_v06/20220625-tn_GLM16_ffRAW_r20_t20_fr0_v06_s202206251800_c202406181436.csv
/localdata/first-flash/data/manual-analysis-v1/20220625-tn/GLM16_ffRAW_v06/20220625-tn_GLM16_ffRAW_r20_t20_fr0_v06_s202206252000_c202406181436.csv
/localdata/first-flash/data/manual-analysis-v1/20220625-tn/GLM16_ffRAW_v06/20220625-tn_GLM16_ffRAW_r20_t20_fr0_v06_s202206252300_c202406181436.csv
/localdata/first-flash/data/manual-analysis-v1/20220625-tn/GLM16_ffRAW_v06/20220625-tn_GLM16_ffRAW_r20_t20_fr0_v06_s202206251900_c202406181436.csv
/localdata/first-flash/data/manual-analysis-v1/20220625-tn/GLM16_ffRAW_v06/20220625-tn_GLM16_ffRAW_r20_t20_fr0_v06_s202206252200_c202406181436.csv
/localdata/first-flash/data/manual-analysis-v1/20220625-tn/GLM16_ffRAW_v06/20220625-tn_GLM16_ffRAW_r20_t20_fr0_v06_s202206252100_c202406181436.csv
Combination: 7
serach_m: 20.0
search_r: 30.0
search_flash_r: 0.0
/localdata/first-flash/data/manual-analysis-v1/20220625-tn/GLM16_ffRAW_v07/20220625-tn_GLM16_ffRAW_r30_t20_fr0_v07_s202206251500_c202406181436.csv
/localdata/first-flash/data/manual-analysis-v1/20220625-tn/GLM16_ffRAW_v07/20220625-tn_GLM16_ffRAW_r30_t20_fr0_v07_s202206251600_c202406181436.csv
/localdata/first-flash/data/manual-analysis-v1/20220625-tn/GLM16_ffRAW_v07/20220625-tn_GLM16_ffRAW_r30_t20_fr0_v07_s202206251700_c202406181436.csv
/localdata/first-flash/data/manual-analysis-v1/20220625-tn/GLM16_ffRAW_v07/20220625-tn_GLM16_ffRAW_r30_t20_fr0_v07_s202206260000_c202406181436.csv
/localdata/first-flash/data/manual-analysis-v1/20220625-tn/GLM16_ffRAW_v07/20220625-tn_GLM16_ffRAW_r30_t20_fr0_v07_s202206252000_c202406181437.csv
/localdata/first-flash/data/manual-analysis-v1/20220625-tn/GLM16_ffRAW_v07/20220625-tn_GLM16_ffRAW_r30_t20_fr0_v07_s202206252300_c202406181437.csv
/localdata/first-flash/data/manual-analysis-v1/20220625-tn/GLM16_ffRAW_v07/20220625-tn_GLM16_ffRAW_r30_t20_fr0_v07_s202206251900_c202406181437.csv
/localdata/first-flash/data/manual-analysis-v1/20220625-tn/GLM16_ffRAW_v07/20220625-tn_GLM16_ffRAW_r30_t20_fr0_v07_s202206251800_c202406181437.csv
/localdata/first-flash/data/manual-analysis-v1/20220625-tn/GLM16_ffRAW_v07/20220625-tn_GLM16_ffRAW_r30_t20_fr0_v07_s202206252200_c202406181437.csv
/localdata/first-flash/data/manual-analysis-v1/20220625-tn/GLM16_ffRAW_v07/20220625-tn_GLM16_ffRAW_r30_t20_fr0_v07_s202206252100_c202406181437.csv
Combination: 8
serach_m: 20.0
search_r: 40.0
search_flash_r: 0.0
/localdata/first-flash/data/manual-analysis-v1/20220625-tn/GLM16_ffRAW_v08/20220625-tn_GLM16_ffRAW_r40_t20_fr0_v08_s202206251500_c202406181437.csv
/localdata/first-flash/data/manual-analysis-v1/20220625-tn/GLM16_ffRAW_v08/20220625-tn_GLM16_ffRAW_r40_t20_fr0_v08_s202206251600_c202406181437.csv
/localdata/first-flash/data/manual-analysis-v1/20220625-tn/GLM16_ffRAW_v08/20220625-tn_GLM16_ffRAW_r40_t20_fr0_v08_s202206251700_c202406181437.csv
/localdata/first-flash/data/manual-analysis-v1/20220625-tn/GLM16_ffRAW_v08/20220625-tn_GLM16_ffRAW_r40_t20_fr0_v08_s202206260000_c202406181437.csv
/localdata/first-flash/data/manual-analysis-v1/20220625-tn/GLM16_ffRAW_v08/20220625-tn_GLM16_ffRAW_r40_t20_fr0_v08_s202206251800_c202406181437.csv
/localdata/first-flash/data/manual-analysis-v1/20220625-tn/GLM16_ffRAW_v08/20220625-tn_GLM16_ffRAW_r40_t20_fr0_v08_s202206252000_c202406181437.csv
/localdata/first-flash/data/manual-analysis-v1/20220625-tn/GLM16_ffRAW_v08/20220625-tn_GLM16_ffRAW_r40_t20_fr0_v08_s202206252300_c202406181437.csv
/localdata/first-flash/data/manual-analysis-v1/20220625-tn/GLM16_ffRAW_v08/20220625-tn_GLM16_ffRAW_r40_t20_fr0_v08_s202206251900_c202406181437.csv
/localdata/first-flash/data/manual-analysis-v1/20220625-tn/GLM16_ffRAW_v08/20220625-tn_GLM16_ffRAW_r40_t20_fr0_v08_s202206252100_c202406181437.csv
/localdata/first-flash/data/manual-analysis-v1/20220625-tn/GLM16_ffRAW_v08/20220625-tn_GLM16_ffRAW_r40_t20_fr0_v08_s202206252200_c202406181437.csv
Combination: 9
serach_m: 20.0
search_r: 50.0
search_flash_r: 0.0
/localdata/first-flash/data/manual-analysis-v1/20220625-tn/GLM16_ffRAW_v09/20220625-tn_GLM16_ffRAW_r50_t20_fr0_v09_s202206251500_c202406181437.csv
/localdata/first-flash/data/manual-analysis-v1/20220625-tn/GLM16_ffRAW_v09/20220625-tn_GLM16_ffRAW_r50_t20_fr0_v09_s202206251600_c202406181437.csv
/localdata/first-flash/data/manual-analysis-v1/20220625-tn/GLM16_ffRAW_v09/20220625-tn_GLM16_ffRAW_r50_t20_fr0_v09_s202206260000_c202406181437.csv
/localdata/first-flash/data/manual-analysis-v1/20220625-tn/GLM16_ffRAW_v09/20220625-tn_GLM16_ffRAW_r50_t20_fr0_v09_s202206251700_c202406181437.csv
/localdata/first-flash/data/manual-analysis-v1/20220625-tn/GLM16_ffRAW_v09/20220625-tn_GLM16_ffRAW_r50_t20_fr0_v09_s202206251900_c202406181437.csv
/localdata/first-flash/data/manual-analysis-v1/20220625-tn/GLM16_ffRAW_v09/20220625-tn_GLM16_ffRAW_r50_t20_fr0_v09_s202206252300_c202406181437.csv
/localdata/first-flash/data/manual-analysis-v1/20220625-tn/GLM16_ffRAW_v09/20220625-tn_GLM16_ffRAW_r50_t20_fr0_v09_s202206252000_c202406181437.csv
/localdata/first-flash/data/manual-analysis-v1/20220625-tn/GLM16_ffRAW_v09/20220625-tn_GLM16_ffRAW_r50_t20_fr0_v09_s202206251800_c202406181437.csv
/localdata/first-flash/data/manual-analysis-v1/20220625-tn/GLM16_ffRAW_v09/20220625-tn_GLM16_ffRAW_r50_t20_fr0_v09_s202206252200_c202406181438.csv
/localdata/first-flash/data/manual-analysis-v1/20220625-tn/GLM16_ffRAW_v09/20220625-tn_GLM16_ffRAW_r50_t20_fr0_v09_s202206252100_c202406181438.csv
Combination: 10
serach_m: 30.0
search_r: 10.0
search_flash_r: 0.0
/localdata/first-flash/data/manual-analysis-v1/20220625-tn/GLM16_ffRAW_v10/20220625-tn_GLM16_ffRAW_r10_t30_fr0_v10_s202206251500_c202406181438.csv
/localdata/first-flash/data/manual-analysis-v1/20220625-tn/GLM16_ffRAW_v10/20220625-tn_GLM16_ffRAW_r10_t30_fr0_v10_s202206251600_c202406181438.csv
/localdata/first-flash/data/manual-analysis-v1/20220625-tn/GLM16_ffRAW_v10/20220625-tn_GLM16_ffRAW_r10_t30_fr0_v10_s202206251700_c202406181438.csv
/localdata/first-flash/data/manual-analysis-v1/20220625-tn/GLM16_ffRAW_v10/20220625-tn_GLM16_ffRAW_r10_t30_fr0_v10_s202206260000_c202406181438.csv
/localdata/first-flash/data/manual-analysis-v1/20220625-tn/GLM16_ffRAW_v10/20220625-tn_GLM16_ffRAW_r10_t30_fr0_v10_s202206252000_c202406181438.csv
/localdata/first-flash/data/manual-analysis-v1/20220625-tn/GLM16_ffRAW_v10/20220625-tn_GLM16_ffRAW_r10_t30_fr0_v10_s202206252300_c202406181438.csv
/localdata/first-flash/data/manual-analysis-v1/20220625-tn/GLM16_ffRAW_v10/20220625-tn_GLM16_ffRAW_r10_t30_fr0_v10_s202206251800_c202406181438.csv
/localdata/first-flash/data/manual-analysis-v1/20220625-tn/GLM16_ffRAW_v10/20220625-tn_GLM16_ffRAW_r10_t30_fr0_v10_s202206251900_c202406181438.csv
/localdata/first-flash/data/manual-analysis-v1/20220625-tn/GLM16_ffRAW_v10/20220625-tn_GLM16_ffRAW_r10_t30_fr0_v10_s202206252200_c202406181438.csv
/localdata/first-flash/data/manual-analysis-v1/20220625-tn/GLM16_ffRAW_v10/20220625-tn_GLM16_ffRAW_r10_t30_fr0_v10_s202206252100_c202406181438.csv
Combination: 11
serach_m: 30.0
search_r: 20.0
search_flash_r: 0.0
/localdata/first-flash/data/manual-analysis-v1/20220625-tn/GLM16_ffRAW_v11/20220625-tn_GLM16_ffRAW_r20_t30_fr0_v11_s202206251500_c202406181438.csv
/localdata/first-flash/data/manual-analysis-v1/20220625-tn/GLM16_ffRAW_v11/20220625-tn_GLM16_ffRAW_r20_t30_fr0_v11_s202206251600_c202406181438.csv
/localdata/first-flash/data/manual-analysis-v1/20220625-tn/GLM16_ffRAW_v11/20220625-tn_GLM16_ffRAW_r20_t30_fr0_v11_s202206260000_c202406181438.csv
/localdata/first-flash/data/manual-analysis-v1/20220625-tn/GLM16_ffRAW_v11/20220625-tn_GLM16_ffRAW_r20_t30_fr0_v11_s202206251700_c202406181438.csv
/localdata/first-flash/data/manual-analysis-v1/20220625-tn/GLM16_ffRAW_v11/20220625-tn_GLM16_ffRAW_r20_t30_fr0_v11_s202206252000_c202406181438.csv
/localdata/first-flash/data/manual-analysis-v1/20220625-tn/GLM16_ffRAW_v11/20220625-tn_GLM16_ffRAW_r20_t30_fr0_v11_s202206251800_c202406181438.csv
/localdata/first-flash/data/manual-analysis-v1/20220625-tn/GLM16_ffRAW_v11/20220625-tn_GLM16_ffRAW_r20_t30_fr0_v11_s202206251900_c202406181438.csv
/localdata/first-flash/data/manual-analysis-v1/20220625-tn/GLM16_ffRAW_v11/20220625-tn_GLM16_ffRAW_r20_t30_fr0_v11_s202206252300_c202406181438.csv
/localdata/first-flash/data/manual-analysis-v1/20220625-tn/GLM16_ffRAW_v11/20220625-tn_GLM16_ffRAW_r20_t30_fr0_v11_s202206252200_c202406181438.csv
/localdata/first-flash/data/manual-analysis-v1/20220625-tn/GLM16_ffRAW_v11/20220625-tn_GLM16_ffRAW_r20_t30_fr0_v11_s202206252100_c202406181438.csv
Combination: 12
serach_m: 30.0
search_r: 30.0
search_flash_r: 0.0
