---20220101---
/localdata/first-flash/data/ABI-processed-GLM17-v1/20220101/ABI-GLM17-ff-v1-s202201012000-e202201012200-c202409291836.csv
/localdata/first-flash/data/ABI-processed-GLM17-v1/20220101/ABI-GLM17-ff-v1-s202201012200-e202201020000-c202409291836.csv
/localdata/first-flash/data/ABI-processed-GLM17-v1/20220101/ABI-GLM17-ff-v1-s202201011000-e202201011200-c202409291836.csv
/localdata/first-flash/data/ABI-processed-GLM17-v1/20220101/ABI-GLM17-ff-v1-s202201010400-e202201010600-c202409291836.csv
/localdata/first-flash/data/ABI-processed-GLM17-v1/20220101/ABI-GLM17-ff-v1-s202201011400-e202201011600-c202409291835.csv
/localdata/first-flash/data/ABI-processed-GLM17-v1/20220101/ABI-GLM17-ff-v1-s202201010200-e202201010400-c202409291836.csv
/localdata/first-flash/data/ABI-processed-GLM17-v1/20220101/ABI-GLM17-ff-v1-s202201011200-e202201011400-c202409291836.csv
/localdata/first-flash/data/ABI-processed-GLM17-v1/20220101/ABI-GLM17-ff-v1-s202201010600-e202201010800-c202409291835.csv
/localdata/first-flash/data/ABI-processed-GLM17-v1/20220101/ABI-GLM17-ff-v1-s202201011800-e202201012000-c202409291836.csv
/localdata/first-flash/data/ABI-processed-GLM17-v1/20220101/ABI-GLM17-ff-v1-s202201011600-e202201011800-c202409291836.csv
/localdata/first-flash/data/ABI-processed-GLM17-v1/20220101/ABI-GLM17-ff-v1-s202201010000-e202201010200-c202409291836.csv
/localdata/first-flash/data/ABI-processed-GLM17-v1/20220101/ABI-GLM17-ff-v1-s202201010800-e202201011000-c202409291836.csv
---20220102---
/localdata/first-flash/data/ABI-processed-GLM17-v1/20220102/ABI-GLM17-ff-v1-s202201021600-e202201021800-c202409291836.csv
/localdata/first-flash/data/ABI-processed-GLM17-v1/20220102/ABI-GLM17-ff-v1-s202201021200-e202201021400-c202409291837.csv
/localdata/first-flash/data/ABI-processed-GLM17-v1/20220102/ABI-GLM17-ff-v1-s202201021400-e202201021600-c202409291837.csv
/localdata/first-flash/data/ABI-processed-GLM17-v1/20220102/ABI-GLM17-ff-v1-s202201022200-e202201030000-c202409291837.csv
/localdata/first-flash/data/ABI-processed-GLM17-v1/20220102/ABI-GLM17-ff-v1-s202201020200-e202201020400-c202409291837.csv
/localdata/first-flash/data/ABI-processed-GLM17-v1/20220102/ABI-GLM17-ff-v1-s202201021000-e202201021200-c202409291837.csv
/localdata/first-flash/data/ABI-processed-GLM17-v1/20220102/ABI-GLM17-ff-v1-s202201020600-e202201020800-c202409291837.csv
/localdata/first-flash/data/ABI-processed-GLM17-v1/20220102/ABI-GLM17-ff-v1-s202201021800-e202201022000-c202409291837.csv
/localdata/first-flash/data/ABI-processed-GLM17-v1/20220102/ABI-GLM17-ff-v1-s202201022000-e202201022200-c202409291837.csv
/localdata/first-flash/data/ABI-processed-GLM17-v1/20220102/ABI-GLM17-ff-v1-s202201020400-e202201020600-c202409291837.csv
/localdata/first-flash/data/ABI-processed-GLM17-v1/20220102/ABI-GLM17-ff-v1-s202201020800-e202201021000-c202409291837.csv
/localdata/first-flash/data/ABI-processed-GLM17-v1/20220102/ABI-GLM17-ff-v1-s202201020000-e202201020200-c202409291837.csv
---20220103---
/localdata/first-flash/data/ABI-processed-GLM17-v1/20220103/ABI-GLM17-ff-v1-s202201032000-e202201032200-c202409291837.csv
/localdata/first-flash/data/ABI-processed-GLM17-v1/20220103/ABI-GLM17-ff-v1-s202201031800-e202201032000-c202409291837.csv
/localdata/first-flash/data/ABI-processed-GLM17-v1/20220103/ABI-GLM17-ff-v1-s202201031400-e202201031600-c202409291837.csv
/localdata/first-flash/data/ABI-processed-GLM17-v1/20220103/ABI-GLM17-ff-v1-s202201031200-e202201031400-c202409291838.csv
/localdata/first-flash/data/ABI-processed-GLM17-v1/20220103/ABI-GLM17-ff-v1-s202201030400-e202201030600-c202409291838.csv
/localdata/first-flash/data/ABI-processed-GLM17-v1/20220103/ABI-GLM17-ff-v1-s202201030200-e202201030400-c202409291838.csv
/localdata/first-flash/data/ABI-processed-GLM17-v1/20220103/ABI-GLM17-ff-v1-s202201030000-e202201030200-c202409291838.csv
/localdata/first-flash/data/ABI-processed-GLM17-v1/20220103/ABI-GLM17-ff-v1-s202201031000-e202201031200-c202409291838.csv
/localdata/first-flash/data/ABI-processed-GLM17-v1/20220103/ABI-GLM17-ff-v1-s202201030800-e202201031000-c202409291838.csv
/localdata/first-flash/data/ABI-processed-GLM17-v1/20220103/ABI-GLM17-ff-v1-s202201030600-e202201030800-c202409291838.csv
---20220104---
/localdata/first-flash/data/ABI-processed-GLM17-v1/20220104/ABI-GLM17-ff-v1-s202201040600-e202201040800-c202409291838.csv
ACHA DATA MISSING
/localdata/first-flash/data/ABI16-ACHAC/20220104/*s20220041751*
CMIP DATA MISSING
/localdata/first-flash/data/ABI16-CMIPC13/20220104/*s20220041751*
ACHA DATA MISSING
/localdata/first-flash/data/ABI16-ACHAC/20220104/*s20220041756*
CMIP DATA MISSING
/localdata/first-flash/data/ABI16-CMIPC13/20220104/*s20220041756*
ACHA DATA MISSING
/localdata/first-flash/data/ABI16-ACHAC/20220104/*s20220041801*
CMIP DATA MISSING
/localdata/first-flash/data/ABI16-CMIPC13/20220104/*s20220041801*
ACHA DATA MISSING
/localdata/first-flash/data/ABI16-ACHAC/20220104/*s20220041806*
CMIP DATA MISSING
/localdata/first-flash/data/ABI16-CMIPC13/20220104/*s20220041806*
ACHA DATA MISSING
/localdata/first-flash/data/ABI16-ACHAC/20220104/*s20220041811*
CMIP DATA MISSING
/localdata/first-flash/data/ABI16-CMIPC13/20220104/*s20220041811*
ACHA DATA MISSING
/localdata/first-flash/data/ABI16-ACHAC/20220104/*s20220041816*
CMIP DATA MISSING
/localdata/first-flash/data/ABI16-CMIPC13/20220104/*s20220041816*
ACHA DATA MISSING
/localdata/first-flash/data/ABI16-ACHAC/20220104/*s20220041821*
CMIP DATA MISSING
/localdata/first-flash/data/ABI16-CMIPC13/20220104/*s20220041821*
ACHA DATA MISSING
/localdata/first-flash/data/ABI16-ACHAC/20220104/*s20220041826*
CMIP DATA MISSING
/localdata/first-flash/data/ABI16-CMIPC13/20220104/*s20220041826*
ACHA DATA MISSING
/localdata/first-flash/data/ABI16-ACHAC/20220104/*s20220041831*
CMIP DATA MISSING
/localdata/first-flash/data/ABI16-CMIPC13/20220104/*s20220041831*
/localdata/first-flash/data/ABI-processed-GLM17-v1/20220104/ABI-GLM17-ff-v1-s202201041800-e202201042000-c202409291838.csv
/localdata/first-flash/data/ABI-processed-GLM17-v1/20220104/ABI-GLM17-ff-v1-s202201041200-e202201041400-c202409291838.csv
/localdata/first-flash/data/ABI-processed-GLM17-v1/20220104/ABI-GLM17-ff-v1-s202201040400-e202201040600-c202409291839.csv
/localdata/first-flash/data/ABI-processed-GLM17-v1/20220104/ABI-GLM17-ff-v1-s202201042000-e202201042200-c202409291838.csv
---20220105---
---20220106---
/localdata/first-flash/data/ABI-processed-GLM17-v1/20220106/ABI-GLM17-ff-v1-s202201061400-e202201061600-c202409291839.csv
/localdata/first-flash/data/ABI-processed-GLM17-v1/20220106/ABI-GLM17-ff-v1-s202201062000-e202201062200-c202409291839.csv
---20220107---
/localdata/first-flash/data/ABI-processed-GLM17-v1/20220107/ABI-GLM17-ff-v1-s202201070800-e202201071000-c202409291839.csv
ACHA DATA MISSING
/localdata/first-flash/data/ABI16-ACHAC/20220107/*s20220071646*
Ding!
[-80.12779302274416 -82.10585580267932 -82.08517428731403 ...
 -81.88895615706757 -81.8686824710423 -81.84841083925225]
[26.13695701605685 26.13243023901944 26.13222557162428 ...
 24.142194134281795 24.1420140363842 24.141834484700276]
/localdata/first-flash/data/ABI-processed-GLM17-v1/20220107/ABI-GLM17-ff-v1-s202201071600-e202201071800-c202409291839.csv
/localdata/first-flash/data/ABI-processed-GLM17-v1/20220107/ABI-GLM17-ff-v1-s202201071000-e202201071200-c202409291839.csv
/localdata/first-flash/data/ABI-processed-GLM17-v1/20220107/ABI-GLM17-ff-v1-s202201071800-e202201072000-c202409291839.csv
/localdata/first-flash/data/ABI-processed-GLM17-v1/20220107/ABI-GLM17-ff-v1-s202201072000-e202201072200-c202409291839.csv
---20220108---
ACHA DATA MISSING
/localdata/first-flash/data/ABI16-ACHAC/20220108/*s20220081101*
CMIP DATA MISSING
/localdata/first-flash/data/ABI16-CMIPC13/20220108/*s20220081101*
ACHA DATA MISSING
/localdata/first-flash/data/ABI16-ACHAC/20220108/*s20220081106*
CMIP DATA MISSING
/localdata/first-flash/data/ABI16-CMIPC13/20220108/*s20220081106*
/localdata/first-flash/data/ABI-processed-GLM17-v1/20220108/ABI-GLM17-ff-v1-s202201081000-e202201081200-c202409291839.csv
/localdata/first-flash/data/ABI-processed-GLM17-v1/20220108/ABI-GLM17-ff-v1-s202201081400-e202201081600-c202409291839.csv
/localdata/first-flash/data/ABI-processed-GLM17-v1/20220108/ABI-GLM17-ff-v1-s202201081200-e202201081400-c202409291839.csv
/localdata/first-flash/data/ABI-processed-GLM17-v1/20220108/ABI-GLM17-ff-v1-s202201080800-e202201081000-c202409291839.csv
/localdata/first-flash/data/ABI-processed-GLM17-v1/20220108/ABI-GLM17-ff-v1-s202201081800-e202201082000-c202409291839.csv
/localdata/first-flash/data/ABI-processed-GLM17-v1/20220108/ABI-GLM17-ff-v1-s202201081600-e202201081800-c202409291840.csv
/localdata/first-flash/data/ABI-processed-GLM17-v1/20220108/ABI-GLM17-ff-v1-s202201082000-e202201082200-c202409291840.csv
/localdata/first-flash/data/ABI-processed-GLM17-v1/20220108/ABI-GLM17-ff-v1-s202201082200-e202201090000-c202409291840.csv
---20220109---
/localdata/first-flash/data/ABI-processed-GLM17-v1/20220109/ABI-GLM17-ff-v1-s202201091400-e202201091600-c202409291841.csv
/localdata/first-flash/data/ABI-processed-GLM17-v1/20220109/ABI-GLM17-ff-v1-s202201091600-e202201091800-c202409291841.csv
/localdata/first-flash/data/ABI-processed-GLM17-v1/20220109/ABI-GLM17-ff-v1-s202201091000-e202201091200-c202409291841.csv
/localdata/first-flash/data/ABI-processed-GLM17-v1/20220109/ABI-GLM17-ff-v1-s202201092200-e202201100000-c202409291841.csv
/localdata/first-flash/data/ABI-processed-GLM17-v1/20220109/ABI-GLM17-ff-v1-s202201092000-e202201092200-c202409291841.csv
/localdata/first-flash/data/ABI-processed-GLM17-v1/20220109/ABI-GLM17-ff-v1-s202201090600-e202201090800-c202409291841.csv
/localdata/first-flash/data/ABI-processed-GLM17-v1/20220109/ABI-GLM17-ff-v1-s202201090800-e202201091000-c202409291841.csv
/localdata/first-flash/data/ABI-processed-GLM17-v1/20220109/ABI-GLM17-ff-v1-s202201090000-e202201090200-c202409291841.csv
/localdata/first-flash/data/ABI-processed-GLM17-v1/20220109/ABI-GLM17-ff-v1-s202201091800-e202201092000-c202409291841.csv
/localdata/first-flash/data/ABI-processed-GLM17-v1/20220109/ABI-GLM17-ff-v1-s202201090400-e202201090600-c202409291841.csv
/localdata/first-flash/data/ABI-processed-GLM17-v1/20220109/ABI-GLM17-ff-v1-s202201091200-e202201091400-c202409291841.csv
/localdata/first-flash/data/ABI-processed-GLM17-v1/20220109/ABI-GLM17-ff-v1-s202201090200-e202201090400-c202409291841.csv
---20220110---
ACHA DATA MISSING
/localdata/first-flash/data/ABI16-ACHAC/20220110/*s20220100901*
/localdata/first-flash/data/ABI-processed-GLM17-v1/20220110/ABI-GLM17-ff-v1-s202201100800-e202201101000-c202409291842.csv
/localdata/first-flash/data/ABI-processed-GLM17-v1/20220110/ABI-GLM17-ff-v1-s202201101000-e202201101200-c202409291842.csv
/localdata/first-flash/data/ABI-processed-GLM17-v1/20220110/ABI-GLM17-ff-v1-s202201101200-e202201101400-c202409291842.csv
/localdata/first-flash/data/ABI-processed-GLM17-v1/20220110/ABI-GLM17-ff-v1-s202201100600-e202201100800-c202409291842.csv
/localdata/first-flash/data/ABI-processed-GLM17-v1/20220110/ABI-GLM17-ff-v1-s202201101600-e202201101800-c202409291842.csv
/localdata/first-flash/data/ABI-processed-GLM17-v1/20220110/ABI-GLM17-ff-v1-s202201102000-e202201102200-c202409291842.csv
/localdata/first-flash/data/ABI-processed-GLM17-v1/20220110/ABI-GLM17-ff-v1-s202201102200-e202201110000-c202409291842.csv
/localdata/first-flash/data/ABI-processed-GLM17-v1/20220110/ABI-GLM17-ff-v1-s202201100400-e202201100600-c202409291842.csv
/localdata/first-flash/data/ABI-processed-GLM17-v1/20220110/ABI-GLM17-ff-v1-s202201101800-e202201102000-c202409291842.csv
/localdata/first-flash/data/ABI-processed-GLM17-v1/20220110/ABI-GLM17-ff-v1-s202201100000-e202201100200-c202409291842.csv
/localdata/first-flash/data/ABI-processed-GLM17-v1/20220110/ABI-GLM17-ff-v1-s202201100200-e202201100400-c202409291842.csv
---20220111---
/localdata/first-flash/data/ABI-processed-GLM17-v1/20220111/ABI-GLM17-ff-v1-s202201112200-e202201120000-c202409291843.csv
/localdata/first-flash/data/ABI-processed-GLM17-v1/20220111/ABI-GLM17-ff-v1-s202201112000-e202201112200-c202409291843.csv
/localdata/first-flash/data/ABI-processed-GLM17-v1/20220111/ABI-GLM17-ff-v1-s202201110200-e202201110400-c202409291843.csv
/localdata/first-flash/data/ABI-processed-GLM17-v1/20220111/ABI-GLM17-ff-v1-s202201111400-e202201111600-c202409291843.csv
/localdata/first-flash/data/ABI-processed-GLM17-v1/20220111/ABI-GLM17-ff-v1-s202201111600-e202201111800-c202409291843.csv
/localdata/first-flash/data/ABI-processed-GLM17-v1/20220111/ABI-GLM17-ff-v1-s202201111200-e202201111400-c202409291843.csv
/localdata/first-flash/data/ABI-processed-GLM17-v1/20220111/ABI-GLM17-ff-v1-s202201110000-e202201110200-c202409291843.csv
---20220112---
/localdata/first-flash/data/ABI-processed-GLM17-v1/20220112/ABI-GLM17-ff-v1-s202201121000-e202201121200-c202409291843.csv
/localdata/first-flash/data/ABI-processed-GLM17-v1/20220112/ABI-GLM17-ff-v1-s202201122200-e202201130000-c202409291843.csv
---20220113---
/localdata/first-flash/data/ABI-processed-GLM17-v1/20220113/ABI-GLM17-ff-v1-s202201131600-e202201131800-c202409291843.csv
/localdata/first-flash/data/ABI-processed-GLM17-v1/20220113/ABI-GLM17-ff-v1-s202201132200-e202201140000-c202409291843.csv
---20220114---
/localdata/first-flash/data/ABI-processed-GLM17-v1/20220114/ABI-GLM17-ff-v1-s202201141400-e202201141600-c202409291843.csv
---20220115---
/localdata/first-flash/data/ABI-processed-GLM17-v1/20220115/ABI-GLM17-ff-v1-s202201152200-e202201160000-c202409291843.csv
/localdata/first-flash/data/ABI-processed-GLM17-v1/20220115/ABI-GLM17-ff-v1-s202201152000-e202201152200-c202409291844.csv
/localdata/first-flash/data/ABI-processed-GLM17-v1/20220115/ABI-GLM17-ff-v1-s202201151000-e202201151200-c202409291844.csv
/localdata/first-flash/data/ABI-processed-GLM17-v1/20220115/ABI-GLM17-ff-v1-s202201151600-e202201151800-c202409291844.csv
/localdata/first-flash/data/ABI-processed-GLM17-v1/20220115/ABI-GLM17-ff-v1-s202201151400-e202201151600-c202409291844.csv
/localdata/first-flash/data/ABI-processed-GLM17-v1/20220115/ABI-GLM17-ff-v1-s202201151200-e202201151400-c202409291844.csv
/localdata/first-flash/data/ABI-processed-GLM17-v1/20220115/ABI-GLM17-ff-v1-s202201151800-e202201152000-c202409291844.csv
---20220116---
/localdata/first-flash/data/ABI-processed-GLM17-v1/20220116/ABI-GLM17-ff-v1-s202201161800-e202201162000-c202409291844.csv
/localdata/first-flash/data/ABI-processed-GLM17-v1/20220116/ABI-GLM17-ff-v1-s202201160800-e202201161000-c202409291844.csv
/localdata/first-flash/data/ABI-processed-GLM17-v1/20220116/ABI-GLM17-ff-v1-s202201160200-e202201160400-c202409291844.csv
/localdata/first-flash/data/ABI-processed-GLM17-v1/20220116/ABI-GLM17-ff-v1-s202201160400-e202201160600-c202409291844.csv
/localdata/first-flash/data/ABI-processed-GLM17-v1/20220116/ABI-GLM17-ff-v1-s202201161600-e202201161800-c202409291844.csv
/localdata/first-flash/data/ABI-processed-GLM17-v1/20220116/ABI-GLM17-ff-v1-s202201161000-e202201161200-c202409291844.csv
/localdata/first-flash/data/ABI-processed-GLM17-v1/20220116/ABI-GLM17-ff-v1-s202201162200-e202201170000-c202409291844.csv
/localdata/first-flash/data/ABI-processed-GLM17-v1/20220116/ABI-GLM17-ff-v1-s202201161200-e202201161400-c202409291844.csv
/localdata/first-flash/data/ABI-processed-GLM17-v1/20220116/ABI-GLM17-ff-v1-s202201162000-e202201162200-c202409291844.csv
---20220117---
/localdata/first-flash/data/ABI-processed-GLM17-v1/20220117/ABI-GLM17-ff-v1-s202201172200-e202201180000-c202409291844.csv
/localdata/first-flash/data/ABI-processed-GLM17-v1/20220117/ABI-GLM17-ff-v1-s202201170000-e202201170200-c202409291845.csv
/localdata/first-flash/data/ABI-processed-GLM17-v1/20220117/ABI-GLM17-ff-v1-s202201171800-e202201172000-c202409291844.csv
---20220118---
/localdata/first-flash/data/ABI-processed-GLM17-v1/20220118/ABI-GLM17-ff-v1-s202201181200-e202201181400-c202409291845.csv
/localdata/first-flash/data/ABI-processed-GLM17-v1/20220118/ABI-GLM17-ff-v1-s202201182000-e202201182200-c202409291845.csv
/localdata/first-flash/data/ABI-processed-GLM17-v1/20220118/ABI-GLM17-ff-v1-s202201182200-e202201190000-c202409291845.csv
---20220119---
/localdata/first-flash/data/ABI-processed-GLM17-v1/20220119/ABI-GLM17-ff-v1-s202201190400-e202201190600-c202409291845.csv
/localdata/first-flash/data/ABI-processed-GLM17-v1/20220119/ABI-GLM17-ff-v1-s202201190600-e202201190800-c202409291845.csv
/localdata/first-flash/data/ABI-processed-GLM17-v1/20220119/ABI-GLM17-ff-v1-s202201190200-e202201190400-c202409291845.csv
/localdata/first-flash/data/ABI-processed-GLM17-v1/20220119/ABI-GLM17-ff-v1-s202201190000-e202201190200-c202409291846.csv
/localdata/first-flash/data/ABI-processed-GLM17-v1/20220119/ABI-GLM17-ff-v1-s202201191400-e202201191600-c202409291846.csv
/localdata/first-flash/data/ABI-processed-GLM17-v1/20220119/ABI-GLM17-ff-v1-s202201191600-e202201191800-c202409291846.csv
/localdata/first-flash/data/ABI-processed-GLM17-v1/20220119/ABI-GLM17-ff-v1-s202201192000-e202201192200-c202409291846.csv
/localdata/first-flash/data/ABI-processed-GLM17-v1/20220119/ABI-GLM17-ff-v1-s202201191800-e202201192000-c202409291846.csv
/localdata/first-flash/data/ABI-processed-GLM17-v1/20220119/ABI-GLM17-ff-v1-s202201192200-e202201200000-c202409291846.csv
---20220120---
/localdata/first-flash/data/ABI-processed-GLM17-v1/20220120/ABI-GLM17-ff-v1-s202201202200-e202201210000-c202409291846.csv
/localdata/first-flash/data/ABI-processed-GLM17-v1/20220120/ABI-GLM17-ff-v1-s202201201400-e202201201600-c202409291846.csv
/localdata/first-flash/data/ABI-processed-GLM17-v1/20220120/ABI-GLM17-ff-v1-s202201200600-e202201200800-c202409291846.csv
/localdata/first-flash/data/ABI-processed-GLM17-v1/20220120/ABI-GLM17-ff-v1-s202201200200-e202201200400-c202409291847.csv
/localdata/first-flash/data/ABI-processed-GLM17-v1/20220120/ABI-GLM17-ff-v1-s202201200800-e202201201000-c202409291847.csv
/localdata/first-flash/data/ABI-processed-GLM17-v1/20220120/ABI-GLM17-ff-v1-s202201200400-e202201200600-c202409291847.csv
/localdata/first-flash/data/ABI-processed-GLM17-v1/20220120/ABI-GLM17-ff-v1-s202201200000-e202201200200-c202409291847.csv
/localdata/first-flash/data/ABI-processed-GLM17-v1/20220120/ABI-GLM17-ff-v1-s202201202000-e202201202200-c202409291847.csv
/localdata/first-flash/data/ABI-processed-GLM17-v1/20220120/ABI-GLM17-ff-v1-s202201201000-e202201201200-c202409291847.csv
---20220121---
/localdata/first-flash/data/ABI-processed-GLM17-v1/20220121/ABI-GLM17-ff-v1-s202201211600-e202201211800-c202409291847.csv
/localdata/first-flash/data/ABI-processed-GLM17-v1/20220121/ABI-GLM17-ff-v1-s202201210400-e202201210600-c202409291847.csv
/localdata/first-flash/data/ABI-processed-GLM17-v1/20220121/ABI-GLM17-ff-v1-s202201210800-e202201211000-c202409291847.csv
/localdata/first-flash/data/ABI-processed-GLM17-v1/20220121/ABI-GLM17-ff-v1-s202201211800-e202201212000-c202409291847.csv
/localdata/first-flash/data/ABI-processed-GLM17-v1/20220121/ABI-GLM17-ff-v1-s202201210200-e202201210400-c202409291847.csv
/localdata/first-flash/data/ABI-processed-GLM17-v1/20220121/ABI-GLM17-ff-v1-s202201212200-e202201220000-c202409291847.csv
/localdata/first-flash/data/ABI-processed-GLM17-v1/20220121/ABI-GLM17-ff-v1-s202201211200-e202201211400-c202409291847.csv
/localdata/first-flash/data/ABI-processed-GLM17-v1/20220121/ABI-GLM17-ff-v1-s202201212000-e202201212200-c202409291847.csv
/localdata/first-flash/data/ABI-processed-GLM17-v1/20220121/ABI-GLM17-ff-v1-s202201210000-e202201210200-c202409291847.csv
---20220122---
/localdata/first-flash/data/ABI-processed-GLM17-v1/20220122/ABI-GLM17-ff-v1-s202201220200-e202201220400-c202409291847.csv
/localdata/first-flash/data/ABI-processed-GLM17-v1/20220122/ABI-GLM17-ff-v1-s202201221600-e202201221800-c202409291847.csv
/localdata/first-flash/data/ABI-processed-GLM17-v1/20220122/ABI-GLM17-ff-v1-s202201220600-e202201220800-c202409291847.csv
/localdata/first-flash/data/ABI-processed-GLM17-v1/20220122/ABI-GLM17-ff-v1-s202201220000-e202201220200-c202409291847.csv
/localdata/first-flash/data/ABI-processed-GLM17-v1/20220122/ABI-GLM17-ff-v1-s202201221400-e202201221600-c202409291847.csv
/localdata/first-flash/data/ABI-processed-GLM17-v1/20220122/ABI-GLM17-ff-v1-s202201220400-e202201220600-c202409291847.csv
/localdata/first-flash/data/ABI-processed-GLM17-v1/20220122/ABI-GLM17-ff-v1-s202201221800-e202201222000-c202409291847.csv
ACHA DATA MISSING
/localdata/first-flash/data/ABI16-ACHAC/20220122/*s20220221111*
CMIP DATA MISSING
/localdata/first-flash/data/ABI16-CMIPC13/20220122/*s20220221111*
ACHA DATA MISSING
/localdata/first-flash/data/ABI16-ACHAC/20220122/*s20220221116*
CMIP DATA MISSING
/localdata/first-flash/data/ABI16-CMIPC13/20220122/*s20220221116*
/localdata/first-flash/data/ABI-processed-GLM17-v1/20220122/ABI-GLM17-ff-v1-s202201221000-e202201221200-c202409291847.csv
/localdata/first-flash/data/ABI-processed-GLM17-v1/20220122/ABI-GLM17-ff-v1-s202201222200-e202201230000-c202409291848.csv
/localdata/first-flash/data/ABI-processed-GLM17-v1/20220122/ABI-GLM17-ff-v1-s202201222000-e202201222200-c202409291847.csv
---20220123---
/localdata/first-flash/data/ABI-processed-GLM17-v1/20220123/ABI-GLM17-ff-v1-s202201232000-e202201232200-c202409291848.csv
/localdata/first-flash/data/ABI-processed-GLM17-v1/20220123/ABI-GLM17-ff-v1-s202201230800-e202201231000-c202409291848.csv
/localdata/first-flash/data/ABI-processed-GLM17-v1/20220123/ABI-GLM17-ff-v1-s202201230400-e202201230600-c202409291848.csv
/localdata/first-flash/data/ABI-processed-GLM17-v1/20220123/ABI-GLM17-ff-v1-s202201231000-e202201231200-c202409291848.csv
/localdata/first-flash/data/ABI-processed-GLM17-v1/20220123/ABI-GLM17-ff-v1-s202201231800-e202201232000-c202409291848.csv
/localdata/first-flash/data/ABI-processed-GLM17-v1/20220123/ABI-GLM17-ff-v1-s202201230200-e202201230400-c202409291848.csv
/localdata/first-flash/data/ABI-processed-GLM17-v1/20220123/ABI-GLM17-ff-v1-s202201231600-e202201231800-c202409291848.csv
/localdata/first-flash/data/ABI-processed-GLM17-v1/20220123/ABI-GLM17-ff-v1-s202201230000-e202201230200-c202409291848.csv
---20220124---
/localdata/first-flash/data/ABI-processed-GLM17-v1/20220124/ABI-GLM17-ff-v1-s202201241000-e202201241200-c202409291848.csv
/localdata/first-flash/data/ABI-processed-GLM17-v1/20220124/ABI-GLM17-ff-v1-s202201240600-e202201240800-c202409291848.csv
/localdata/first-flash/data/ABI-processed-GLM17-v1/20220124/ABI-GLM17-ff-v1-s202201240000-e202201240200-c202409291848.csv
/localdata/first-flash/data/ABI-processed-GLM17-v1/20220124/ABI-GLM17-ff-v1-s202201241800-e202201242000-c202409291848.csv
/localdata/first-flash/data/ABI-processed-GLM17-v1/20220124/ABI-GLM17-ff-v1-s202201241600-e202201241800-c202409291848.csv
/localdata/first-flash/data/ABI-processed-GLM17-v1/20220124/ABI-GLM17-ff-v1-s202201241400-e202201241600-c202409291848.csv
/localdata/first-flash/data/ABI-processed-GLM17-v1/20220124/ABI-GLM17-ff-v1-s202201242200-e202201250000-c202409291849.csv
/localdata/first-flash/data/ABI-processed-GLM17-v1/20220124/ABI-GLM17-ff-v1-s202201241200-e202201241400-c202409291849.csv
---20220125---
/localdata/first-flash/data/ABI-processed-GLM17-v1/20220125/ABI-GLM17-ff-v1-s202201250200-e202201250400-c202409291849.csv
/localdata/first-flash/data/ABI-processed-GLM17-v1/20220125/ABI-GLM17-ff-v1-s202201250800-e202201251000-c202409291849.csv
/localdata/first-flash/data/ABI-processed-GLM17-v1/20220125/ABI-GLM17-ff-v1-s202201250400-e202201250600-c202409291849.csv
/localdata/first-flash/data/ABI-processed-GLM17-v1/20220125/ABI-GLM17-ff-v1-s202201252200-e202201260000-c202409291849.csv
---20220126---
/localdata/first-flash/data/ABI-processed-GLM17-v1/20220126/ABI-GLM17-ff-v1-s202201261600-e202201261800-c202409291849.csv
ACHA DATA MISSING
/localdata/first-flash/data/ABI16-ACHAC/20220126/*s20220262036*
/localdata/first-flash/data/ABI-processed-GLM17-v1/20220126/ABI-GLM17-ff-v1-s202201262000-e202201262200-c202409291849.csv
/localdata/first-flash/data/ABI-processed-GLM17-v1/20220126/ABI-GLM17-ff-v1-s202201262200-e202201270000-c202409291849.csv
/localdata/first-flash/data/ABI-processed-GLM17-v1/20220126/ABI-GLM17-ff-v1-s202201261200-e202201261400-c202409291849.csv
---20220127---
/localdata/first-flash/data/ABI-processed-GLM17-v1/20220127/ABI-GLM17-ff-v1-s202201271400-e202201271600-c202409291849.csv
/localdata/first-flash/data/ABI-processed-GLM17-v1/20220127/ABI-GLM17-ff-v1-s202201271600-e202201271800-c202409291849.csv
/localdata/first-flash/data/ABI-processed-GLM17-v1/20220127/ABI-GLM17-ff-v1-s202201272200-e202201280000-c202409291849.csv
---20220128---
---20220129---
/localdata/first-flash/data/ABI-processed-GLM17-v1/20220129/ABI-GLM17-ff-v1-s202201292000-e202201292200-c202409291849.csv
/localdata/first-flash/data/ABI-processed-GLM17-v1/20220129/ABI-GLM17-ff-v1-s202201291800-e202201292000-c202409291849.csv
---20220130---
/localdata/first-flash/data/ABI-processed-GLM17-v1/20220130/ABI-GLM17-ff-v1-s202201302200-e202201310000-c202409291849.csv
/localdata/first-flash/data/ABI-processed-GLM17-v1/20220130/ABI-GLM17-ff-v1-s202201302000-e202201302200-c202409291850.csv
---20220131---
/localdata/first-flash/data/ABI-processed-GLM17-v1/20220131/ABI-GLM17-ff-v1-s202201310600-e202201310800-c202409291850.csv
/localdata/first-flash/data/ABI-processed-GLM17-v1/20220131/ABI-GLM17-ff-v1-s202201311600-e202201311800-c202409291850.csv
/localdata/first-flash/data/ABI-processed-GLM17-v1/20220131/ABI-GLM17-ff-v1-s202201310800-e202201311000-c202409291850.csv
/localdata/first-flash/data/ABI-processed-GLM17-v1/20220131/ABI-GLM17-ff-v1-s202201310200-e202201310400-c202409291850.csv
/localdata/first-flash/data/ABI-processed-GLM17-v1/20220131/ABI-GLM17-ff-v1-s202201310400-e202201310600-c202409291850.csv
/localdata/first-flash/data/ABI-processed-GLM17-v1/20220131/ABI-GLM17-ff-v1-s202201312200-e202202010000-c202409291850.csv
/localdata/first-flash/data/ABI-processed-GLM17-v1/20220131/ABI-GLM17-ff-v1-s202201310000-e202201310200-c202409291850.csv
/localdata/first-flash/data/ABI-processed-GLM17-v1/20220131/ABI-GLM17-ff-v1-s202201311800-e202201312000-c202409291850.csv
/localdata/first-flash/data/ABI-processed-GLM17-v1/20220131/ABI-GLM17-ff-v1-s202201311200-e202201311400-c202409291850.csv
/localdata/first-flash/data/ABI-processed-GLM17-v1/20220131/ABI-GLM17-ff-v1-s202201312000-e202201312200-c202409291850.csv
/localdata/first-flash/data/ABI-processed-GLM17-v1/20220131/ABI-GLM17-ff-v1-s202201311400-e202201311600-c202409291851.csv
---20220201---
